The system is: Windows - 10.0.19042 - AMD64
Compiling the C compiler identification source file "CMakeCCompilerId.c" succeeded.
Compiler: C:/Program Files (x86)/Microsoft Visual Studio/2019/Community/VC/Tools/MSVC/14.27.29110/bin/Hostx86/x86/cl.exe 
Build flags: 
Id flags:  

The output was:
0
Оптимизирующий компилятор Microsoft (R) C/C++ версии 19.27.29111 для x86
(C) Корпорация Майкрософт (Microsoft Corporation).  Все права защищены.

CMakeCCompilerId.c
Microsoft (R) Incremental Linker Version 14.27.29111.0
Copyright (C) Microsoft Corporation.  All rights reserved.

/out:CMakeCCompilerId.exe 
CMakeCCompilerId.obj 


Compilation of the C compiler identification source "CMakeCCompilerId.c" produced "CMakeCCompilerId.exe"

Compilation of the C compiler identification source "CMakeCCompilerId.c" produced "CMakeCCompilerId.obj"

The C compiler identification is MSVC, found in "C:/Users/ASUS/CLionProjects/Coursework_3/cmake-build-debug/CMakeFiles/3.21.1/CompilerIdC/CMakeCCompilerId.exe"

Compiling the CXX compiler identification source file "CMakeCXXCompilerId.cpp" succeeded.
Compiler: C:/Program Files (x86)/Microsoft Visual Studio/2019/Community/VC/Tools/MSVC/14.27.29110/bin/Hostx86/x86/cl.exe 
Build flags: 
Id flags:  

The output was:
0
Оптимизирующий компилятор Microsoft (R) C/C++ версии 19.27.29111 для x86
(C) Корпорация Майкрософт (Microsoft Corporation).  Все права защищены.

CMakeCXXCompilerId.cpp
Microsoft (R) Incremental Linker Version 14.27.29111.0
Copyright (C) Microsoft Corporation.  All rights reserved.

/out:CMakeCXXCompilerId.exe 
CMakeCXXCompilerId.obj 


Compilation of the CXX compiler identification source "CMakeCXXCompilerId.cpp" produced "CMakeCXXCompilerId.exe"

Compilation of the CXX compiler identification source "CMakeCXXCompilerId.cpp" produced "CMakeCXXCompilerId.obj"

The CXX compiler identification is MSVC, found in "C:/Users/ASUS/CLionProjects/Coursework_3/cmake-build-debug/CMakeFiles/3.21.1/CompilerIdCXX/CMakeCXXCompilerId.exe"

Detecting C compiler ABI info compiled with the following output:
Change Dir: C:/Users/ASUS/CLionProjects/Coursework_3/cmake-build-debug/CMakeFiles/CMakeTmp

Run Build Command(s):C:/Users/ASUS/AppData/Local/JetBrains/Toolbox/apps/CLion/ch-0/213.5744.254/bin/ninja/win/ninja.exe cmTC_e6df1 && [1/2] Building C object CMakeFiles\cmTC_e6df1.dir\CMakeCCompilerABI.c.obj
Примечание: включение файла:  C:\Users\ASUS\AppData\Local\JetBrains\Toolbox\apps\CLion\ch-0\213.5744.254\bin\cmake\win\share\cmake-3.21\Modules\CMakeCompilerABI.h
[2/2] Linking C executable cmTC_e6df1.exe



Detecting CXX compiler ABI info compiled with the following output:
Change Dir: C:/Users/ASUS/CLionProjects/Coursework_3/cmake-build-debug/CMakeFiles/CMakeTmp

Run Build Command(s):C:/Users/ASUS/AppData/Local/JetBrains/Toolbox/apps/CLion/ch-0/213.5744.254/bin/ninja/win/ninja.exe cmTC_2c56b && [1/2] Building CXX object CMakeFiles\cmTC_2c56b.dir\CMakeCXXCompilerABI.cpp.obj
Примечание: включение файла:  C:\Users\ASUS\AppData\Local\JetBrains\Toolbox\apps\CLion\ch-0\213.5744.254\bin\cmake\win\share\cmake-3.21\Modules\CMakeCompilerABI.h
[2/2] Linking CXX executable cmTC_2c56b.exe



